<?xml version="1.0" encoding="UTF-8"?>
<testng-results ignored="0" total="1" passed="1" failed="0" skipped="0">
  <reporter-output>
  </reporter-output>
  <suite started-at="2021-07-11T08:39:35Z" name="Suite" finished-at="2021-07-11T08:39:50Z" duration-ms="14847">
    <groups>
    </groups>
    <test started-at="2021-07-11T08:39:35Z" name="SwagLabsTest" finished-at="2021-07-11T08:39:50Z" duration-ms="14847">
      <class name="package1.SwagLabsTest">
        <test-method signature="f()[pri:0, instance:package1.SwagLabsTest@68e965f5]" started-at="2021-07-11T08:39:35Z" name="f" finished-at="2021-07-11T08:39:50Z" duration-ms="14806" status="PASS">
          <reporter-output>
          </reporter-output>
        </test-method> <!-- f -->
      </class> <!-- package1.SwagLabsTest -->
    </test> <!-- SwagLabsTest -->
  </suite> <!-- Suite -->
</testng-results>
